Job 61100 running on g016
Model loaded successfully!
Attack samples: 947
Training samples: 7568
Test samples: 954
5 images processed in this batch
5 images processed in this batch
5 images processed in this batch
5 images processed in this batch
5 images processed in this batch
5 images processed in this batch
5 images processed in this batch
5 images processed in this batch
5 images processed in this batch
5 images processed in this batch
5 images processed in this batch
5 images processed in this batch
5 images processed in this batch
5 images processed in this batch
5 images processed in this batch
5 images processed in this batch
5 images processed in this batch
5 images processed in this batch
5 images processed in this batch
5 images processed in this batch
5 images processed in this batch
5 images processed in this batch
5 images processed in this batch
5 images processed in this batch
5 images processed in this batch
5 images processed in this batch
5 images processed in this batch
5 images processed in this batch
5 images processed in this batch
5 images processed in this batch
5 images processed in this batch
5 images processed in this batch
5 images processed in this batch
5 images processed in this batch
5 images processed in this batch
5 images processed in this batch
5 images processed in this batch
5 images processed in this batch
5 images processed in this batch
5 images processed in this batch
5 images processed in this batch
5 images processed in this batch
5 images processed in this batch
5 images processed in this batch
5 images processed in this batch
5 images processed in this batch
5 images processed in this batch
5 images processed in this batch
5 images processed in this batch
5 images processed in this batch
5 images processed in this batch
5 images processed in this batch
5 images processed in this batch
5 images processed in this batch
5 images processed in this batch
5 images processed in this batch
5 images processed in this batch
5 images processed in this batch
5 images processed in this batch
5 images processed in this batch
5 images processed in this batch
5 images processed in this batch
5 images processed in this batch
5 images processed in this batch
5 images processed in this batch
5 images processed in this batch
5 images processed in this batch
5 images processed in this batch
5 images processed in this batch
5 images processed in this batch
5 images processed in this batch
5 images processed in this batch
5 images processed in this batch
5 images processed in this batch
5 images processed in this batch
5 images processed in this batch
5 images processed in this batch
5 images processed in this batch
5 images processed in this batch
5 images processed in this batch
5 images processed in this batch
5 images processed in this batch
5 images processed in this batch
5 images processed in this batch
5 images processed in this batch
5 images processed in this batch
5 images processed in this batch
5 images processed in this batch
5 images processed in this batch
5 images processed in this batch
5 images processed in this batch
5 images processed in this batch
5 images processed in this batch
5 images processed in this batch
5 images processed in this batch
5 images processed in this batch
5 images processed in this batch
5 images processed in this batch
5 images processed in this batch
5 images processed in this batch
5 images processed in this batch
5 images processed in this batch
5 images processed in this batch
5 images processed in this batch
5 images processed in this batch
5 images processed in this batch
5 images processed in this batch
5 images processed in this batch
5 images processed in this batch
5 images processed in this batch
5 images processed in this batch
5 images processed in this batch
5 images processed in this batch
5 images processed in this batch
5 images processed in this batch
5 images processed in this batch
5 images processed in this batch
5 images processed in this batch
5 images processed in this batch
5 images processed in this batch
5 images processed in this batch
5 images processed in this batch
5 images processed in this batch
5 images processed in this batch
5 images processed in this batch
5 images processed in this batch
5 images processed in this batch
5 images processed in this batch
5 images processed in this batch
5 images processed in this batch
5 images processed in this batch
5 images processed in this batch
5 images processed in this batch
5 images processed in this batch
5 images processed in this batch
5 images processed in this batch
5 images processed in this batch
5 images processed in this batch
5 images processed in this batch
5 images processed in this batch
5 images processed in this batch
5 images processed in this batch
5 images processed in this batch
5 images processed in this batch
5 images processed in this batch
5 images processed in this batch
5 images processed in this batch
5 images processed in this batch
5 images processed in this batch
5 images processed in this batch
5 images processed in this batch
5 images processed in this batch
5 images processed in this batch
5 images processed in this batch
5 images processed in this batch
5 images processed in this batch
5 images processed in this batch
5 images processed in this batch
5 images processed in this batch
5 images processed in this batch
5 images processed in this batch
5 images processed in this batch
5 images processed in this batch
5 images processed in this batch
5 images processed in this batch
5 images processed in this batch
5 images processed in this batch
5 images processed in this batch
5 images processed in this batch
5 images processed in this batch
5 images processed in this batch
5 images processed in this batch
5 images processed in this batch
5 images processed in this batch
5 images processed in this batch
5 images processed in this batch
5 images processed in this batch
5 images processed in this batch
5 images processed in this batch
5 images processed in this batch
5 images processed in this batch
5 images processed in this batch
5 images processed in this batch
5 images processed in this batch
5 images processed in this batch
5 images processed in this batch
5 images processed in this batch
5 images processed in this batch
5 images processed in this batch
2 images processed in this batch
SHAP value aggregation completed!
Aggregated SHAP values saved to /home/j597s263/scratch/j597s263/Datasets/Explanation_values/Resnet/ShapImg.npy
