Job 58345 running on g031
Model loaded successfully!
Attack samples: 947
Training samples: 7568
Test samples: 954
8 images processed in this batch
8 images processed in this batch
8 images processed in this batch
8 images processed in this batch
8 images processed in this batch
8 images processed in this batch
8 images processed in this batch
8 images processed in this batch
8 images processed in this batch
8 images processed in this batch
8 images processed in this batch
8 images processed in this batch
8 images processed in this batch
8 images processed in this batch
8 images processed in this batch
8 images processed in this batch
8 images processed in this batch
8 images processed in this batch
8 images processed in this batch
8 images processed in this batch
8 images processed in this batch
8 images processed in this batch
8 images processed in this batch
8 images processed in this batch
8 images processed in this batch
8 images processed in this batch
8 images processed in this batch
8 images processed in this batch
8 images processed in this batch
8 images processed in this batch
8 images processed in this batch
8 images processed in this batch
8 images processed in this batch
8 images processed in this batch
8 images processed in this batch
8 images processed in this batch
8 images processed in this batch
8 images processed in this batch
8 images processed in this batch
8 images processed in this batch
8 images processed in this batch
8 images processed in this batch
8 images processed in this batch
8 images processed in this batch
8 images processed in this batch
8 images processed in this batch
8 images processed in this batch
8 images processed in this batch
8 images processed in this batch
8 images processed in this batch
8 images processed in this batch
8 images processed in this batch
8 images processed in this batch
8 images processed in this batch
8 images processed in this batch
8 images processed in this batch
8 images processed in this batch
8 images processed in this batch
8 images processed in this batch
8 images processed in this batch
8 images processed in this batch
8 images processed in this batch
8 images processed in this batch
8 images processed in this batch
8 images processed in this batch
8 images processed in this batch
8 images processed in this batch
8 images processed in this batch
8 images processed in this batch
8 images processed in this batch
8 images processed in this batch
8 images processed in this batch
8 images processed in this batch
8 images processed in this batch
8 images processed in this batch
8 images processed in this batch
8 images processed in this batch
8 images processed in this batch
8 images processed in this batch
8 images processed in this batch
8 images processed in this batch
8 images processed in this batch
8 images processed in this batch
8 images processed in this batch
8 images processed in this batch
8 images processed in this batch
8 images processed in this batch
8 images processed in this batch
8 images processed in this batch
8 images processed in this batch
8 images processed in this batch
8 images processed in this batch
8 images processed in this batch
8 images processed in this batch
8 images processed in this batch
8 images processed in this batch
8 images processed in this batch
8 images processed in this batch
8 images processed in this batch
8 images processed in this batch
8 images processed in this batch
8 images processed in this batch
8 images processed in this batch
8 images processed in this batch
8 images processed in this batch
8 images processed in this batch
8 images processed in this batch
8 images processed in this batch
8 images processed in this batch
8 images processed in this batch
8 images processed in this batch
8 images processed in this batch
8 images processed in this batch
8 images processed in this batch
8 images processed in this batch
8 images processed in this batch
8 images processed in this batch
8 images processed in this batch
3 images processed in this batch
SHAP value aggregation completed!
Aggregated SHAP values saved to /home/j597s263/scratch/j597s263/Datasets/Shap/Shap_Imagenette.npy
